\BOOKMARK [1][-]{section.1}{\376\377\000I\000n\000t\000r\000o\000d\000u\000c\000t\000i\000o\000n\000\040\000a\000n\000d\000\040\000P\000r\000o\000b\000l\000e\000m\000\040\000C\000o\000n\000t\000e\000x\000t}{}% 1
\BOOKMARK [1][-]{section.2}{\376\377\000T\000e\000c\000h\000n\000i\000c\000a\000l\000\040\000B\000a\000c\000k\000g\000r\000o\000u\000n\000d}{}% 2
\BOOKMARK [2][-]{subsection.2.1}{\376\377\000S\000m\000a\000r\000t\000\040\000H\000o\000m\000e\000\040\000T\000e\000c\000h\000n\000o\000l\000o\000g\000y\000\040\000a\000n\000d\000\040\000B\000l\000i\000n\000d\000s}{section.2}% 3
\BOOKMARK [2][-]{subsection.2.2}{\376\377\000P\000r\000o\000j\000e\000c\000t\000\040\000A\000r\000c\000h\000i\000t\000e\000c\000t\000u\000r\000e}{section.2}% 4
\BOOKMARK [2][-]{subsection.2.3}{\376\377\000R\000o\000b\000o\000t}{section.2}% 5
\BOOKMARK [3][-]{subsubsection.2.3.1}{\376\377\000P\000h\000y\000s\000i\000c\000a\000l}{subsection.2.3}% 6
\BOOKMARK [3][-]{subsubsection.2.3.2}{\376\377\000A\000c\000t\000u\000a\000t\000o\000r\000s\000\040\000a\000n\000d\000\040\000E\000f\000f\000e\000c\000t\000o\000r\000s}{subsection.2.3}% 7
\BOOKMARK [3][-]{subsubsection.2.3.3}{\376\377\000S\000e\000n\000s\000o\000r\000s}{subsection.2.3}% 8
\BOOKMARK [3][-]{subsubsection.2.3.4}{\376\377\000C\000o\000n\000t\000r\000o\000l\000l\000e\000r\000\040\000a\000n\000d\000\040\000A\000u\000t\000o\000n\000o\000m\000y}{subsection.2.3}% 9
\BOOKMARK [3][-]{subsubsection.2.3.5}{\376\377\000A\000c\000h\000i\000e\000v\000i\000n\000g\000\040\000G\000o\000a\000l\000s}{subsection.2.3}% 10
\BOOKMARK [1][-]{section.3}{\376\377\000P\000r\000i\000o\000r\000\040\000W\000o\000r\000k}{}% 11
\BOOKMARK [2][-]{subsection.3.1}{\376\377\000O\000v\000e\000r\000v\000i\000e\000w}{section.3}% 12
\BOOKMARK [2][-]{subsection.3.2}{\376\377\000M\000o\000t\000o\000r\000i\000z\000e\000d\000\040\000b\000l\000i\000n\000d\000s}{section.3}% 13
\BOOKMARK [2][-]{subsection.3.3}{\376\377\000S\000w\000i\000t\000c\000h\000B\000o\000t\000\040\000B\000l\000i\000n\000d\000\040\000T\000i\000l\000t}{section.3}% 14
\BOOKMARK [2][-]{subsection.3.4}{\376\377\000A\000r\000d\000u\000i\000n\000o\000\040\000R\000e\000m\000o\000t\000e\000\040\000C\000o\000n\000t\000r\000o\000l\000\040\000L\000i\000g\000h\000t\000\040\000S\000w\000i\000t\000c\000h}{section.3}% 15
\BOOKMARK [1][-]{section.4}{\376\377\000M\000e\000t\000h\000o\000d\000s}{}% 16
\BOOKMARK [2][-]{subsection.4.1}{\376\377\000U\000s\000i\000n\000g\000\040\000L\000i\000g\000h\000t\000\040\000a\000n\000d\000\040\000T\000e\000m\000p\000e\000r\000a\000t\000u\000r\000e\000\040\000t\000o\000\040\000A\000f\000f\000e\000c\000t\000\040\000B\000l\000i\000n\000d\000s}{section.4}% 17
\BOOKMARK [3][-]{subsubsection.4.1.1}{\376\377\000S\000e\000n\000d\000i\000n\000g\000\040\000D\000a\000t\000a\000\040\000f\000r\000o\000m\000\040\000A\000r\000d\000u\000i\000n\000o\000\040\000t\000o\000\040\000W\000e\000b\000p\000a\000g\000e}{subsection.4.1}% 18
\BOOKMARK [2][-]{subsection.4.2}{\376\377\000U\000s\000e\000r\000\040\000T\000e\000s\000t\000i\000n\000g\000\040\000R\000o\000u\000n\000d\000\040\0001}{section.4}% 19
\BOOKMARK [3][-]{subsubsection.4.2.1}{\376\377\000W\000h\000a\000t\000\040\000u\000s\000e\000r\000s\000\040\000l\000i\000k\000e\000d}{subsection.4.2}% 20
\BOOKMARK [3][-]{subsubsection.4.2.2}{\376\377\000N\000e\000e\000d\000\040\000f\000o\000r\000\040\000s\000t\000a\000t\000u\000s\000\040\000i\000n\000f\000o\000r\000m\000a\000t\000i\000o\000n\000\040\000o\000n\000\040\000w\000e\000b\000s\000i\000t\000e}{subsection.4.2}% 21
\BOOKMARK [3][-]{subsubsection.4.2.3}{\376\377\000P\000a\000i\000n\000\040\000P\000o\000i\000n\000t\000:\000\040\000L\000a\000c\000k\000\040\000o\000f\000\040\000m\000a\000n\000u\000a\000l\000\040\000c\000o\000n\000t\000r\000o\000l}{subsection.4.2}% 22
\BOOKMARK [2][-]{subsection.4.3}{\376\377\000I\000m\000p\000r\000o\000v\000e\000m\000e\000n\000t\000s\000\040\000A\000f\000t\000e\000r\000\040\000U\000s\000e\000r\000\040\000T\000e\000s\000t\000i\000n\000g\000\040\000R\000o\000u\000n\000d\000\040\0001}{section.4}% 23
\BOOKMARK [3][-]{subsubsection.4.3.1}{\376\377\0004\000.\0003\000.\0001\000\040\000A\000d\000d\000i\000n\000g\000\040\000b\000o\000o\000l\000e\000a\000n\000\040\000l\000o\000g\000i\000c\000\040\000m\000o\000d\000e\000s}{subsection.4.3}% 24
\BOOKMARK [3][-]{subsubsection.4.3.2}{\376\377\000A\000d\000d\000i\000n\000g\000\040\000s\000t\000a\000t\000u\000s\000\040\000i\000n\000d\000i\000c\000a\000t\000o\000r\000s}{subsection.4.3}% 25
\BOOKMARK [3][-]{subsubsection.4.3.3}{\376\377\000A\000d\000d\000i\000n\000g\000\040\000a\000\040\000p\000o\000t\000e\000n\000t\000i\000o\000m\000e\000t\000e\000r\000\040\000m\000o\000d\000e}{subsection.4.3}% 26
\BOOKMARK [2][-]{subsection.4.4}{\376\377\000U\000s\000e\000r\000\040\000T\000e\000s\000t\000i\000n\000g\000\040\000R\000o\000u\000n\000d\000\040\0002}{section.4}% 27
\BOOKMARK [3][-]{subsubsection.4.4.1}{\376\377\000W\000h\000a\000t\000\040\000u\000s\000e\000r\000s\000\040\000l\000i\000k\000e\000d}{subsection.4.4}% 28
\BOOKMARK [3][-]{subsubsection.4.4.2}{\376\377\000P\000a\000i\000n\000-\000p\000o\000i\000n\000t\000:\000\040\000B\000l\000i\000n\000d\000s\000\040\000o\000n\000l\000y\000\040\000c\000o\000m\000p\000l\000e\000t\000e\000l\000y\000\040\000o\000p\000e\000n\000\040\000o\000r\000\040\000c\000o\000m\000p\000l\000e\000t\000e\000l\000y\000\040\000c\000l\000o\000s\000e}{subsection.4.4}% 29
\BOOKMARK [3][-]{subsubsection.4.4.3}{\376\377\000P\000a\000i\000n\000-\000p\000o\000i\000n\000t\000:\000\040\000N\000o\000\040\000w\000a\000y\000\040\000f\000o\000r\000\040\000u\000s\000e\000r\000\040\000t\000o\000\040\000o\000p\000e\000n\000\040\000o\000r\000\040\000c\000l\000o\000s\000e\000\040\000t\000h\000e\000\040\000b\000l\000i\000n\000d\000s\000\040\000d\000i\000r\000e\000c\000t\000l\000y\000\040\000f\000r\000o\000m\000\040\000t\000h\000e\000\040\000w\000e\000b\000p\000a\000g\000e}{subsection.4.4}% 30
\BOOKMARK [2][-]{subsection.4.5}{\376\377\000I\000m\000p\000r\000o\000v\000e\000m\000e\000n\000t\000s\000\040\000A\000f\000t\000e\000r\000\040\000U\000s\000e\000r\000\040\000T\000e\000s\000t\000i\000n\000g\000\040\000R\000o\000u\000n\000d\000\040\0002}{section.4}% 31
\BOOKMARK [3][-]{subsubsection.4.5.1}{\376\377\000A\000d\000d\000i\000n\000g\000\040\000t\000e\000m\000p\000e\000r\000a\000t\000u\000r\000e\000\040\000t\000h\000r\000e\000s\000h\000o\000l\000d\000\040\000c\000u\000s\000t\000o\000m\000i\000z\000a\000b\000i\000l\000i\000t\000y}{subsection.4.5}% 32
\BOOKMARK [3][-]{subsubsection.4.5.2}{\376\377\000A\000d\000d\000i\000n\000g\000\040\000S\000e\000t\000t\000i\000n\000g\000s\000\040\000f\000o\000r\000\040\000u\000p\000p\000e\000r\000\040\000a\000n\000d\000\040\000l\000o\000w\000e\000r\000\040\000l\000i\000m\000i\000t\000s\000\040\000a\000n\000d\000\040\000p\000o\000t\000e\000n\000t\000i\000o\000m\000e\000t\000e\000r\000\040\000t\000h\000r\000e\000s\000h\000o\000l\000d}{subsection.4.5}% 33
\BOOKMARK [3][-]{subsubsection.4.5.3}{\376\377\000A\000d\000d\000i\000n\000g\000\040\000b\000u\000t\000t\000o\000n\000s\000\040\000t\000o\000\040\000o\000p\000e\000n\000\040\000a\000n\000d\000\040\000c\000l\000o\000s\000e\000\040\000b\000l\000i\000n\000d\000s}{subsection.4.5}% 34
\BOOKMARK [1][-]{section.5}{\376\377\000E\000v\000a\000l\000u\000a\000t\000i\000o\000n\000\040\000M\000e\000t\000r\000i\000c\000s}{}% 35
\BOOKMARK [2][-]{subsection.5.1}{\376\377\000C\000l\000o\000s\000e\000d\000-\000d\000o\000o\000r\000\040\000L\000a\000b\000o\000r\000a\000t\000o\000r\000y\000\040\000T\000e\000s\000t}{section.5}% 36
\BOOKMARK [2][-]{subsection.5.2}{\376\377\000U\000s\000e\000r\000\040\000I\000n\000t\000e\000r\000v\000i\000e\000w\000s}{section.5}% 37
\BOOKMARK [1][-]{section.6}{\376\377\000E\000v\000a\000l\000u\000a\000t\000i\000o\000n\000\040\000R\000e\000s\000u\000l\000t\000s\000\040\000a\000n\000d\000\040\000D\000i\000s\000c\000u\000s\000s\000i\000o\000n}{}% 38
\BOOKMARK [2][-]{subsection.6.1}{\376\377\000R\000e\000s\000u\000l\000t\000s\000\040\000o\000f\000\040\000C\000l\000o\000s\000e\000d\000-\000d\000o\000o\000r\000\040\000L\000a\000b\000o\000r\000a\000t\000o\000r\000y\000\040\000T\000e\000s\000t}{section.6}% 39
\BOOKMARK [2][-]{subsection.6.2}{\376\377\000R\000e\000s\000u\000l\000t\000s\000\040\000o\000f\000\040\000U\000s\000e\000r\000\040\000I\000n\000t\000e\000r\000v\000i\000e\000w\000s}{section.6}% 40
\BOOKMARK [1][-]{section.7}{\376\377\000E\000t\000h\000i\000c\000a\000l\000\040\000C\000o\000n\000s\000i\000d\000e\000r\000a\000t\000i\000o\000n\000s}{}% 41
\BOOKMARK [1][-]{section.8}{\376\377\000F\000u\000t\000u\000r\000e\000\040\000W\000o\000r\000k\000\040\000a\000n\000d\000\040\000C\000o\000n\000c\000l\000u\000s\000i\000o\000n}{}% 42
